[debug] [2022-08-29T03:32:07.102Z] ----------------------------------------------------------------------
[debug] [2022-08-29T03:32:07.103Z] Command:       /Users/takaakiimoto/.nvm/versions/node/v16.13.0/bin/node /Users/takaakiimoto/.nvm/versions/node/v16.13.0/bin/firebase serve
[debug] [2022-08-29T03:32:07.103Z] CLI Version:   10.4.0
[debug] [2022-08-29T03:32:07.103Z] Platform:      darwin
[debug] [2022-08-29T03:32:07.103Z] Node Version:  v16.13.0
[debug] [2022-08-29T03:32:07.104Z] Time:          Mon Aug 29 2022 12:32:07 GMT+0900 (日本標準時)
[debug] [2022-08-29T03:32:07.105Z] ----------------------------------------------------------------------
[debug] 
[debug] [2022-08-29T03:32:07.131Z] > command requires scopes: ["email","openid","https://www.googleapis.com/auth/cloudplatformprojects.readonly","https://www.googleapis.com/auth/firebase","https://www.googleapis.com/auth/cloud-platform"]
[debug] [2022-08-29T03:32:07.131Z] > authorizing via signed-in user (imoto.morefun@gmail.com)
[debug] [2022-08-29T03:32:07.131Z] [iam] checking project andone-imoto for permissions ["firebase.projects.get"]
[debug] [2022-08-29T03:32:07.132Z] >>> [apiv2][query] POST https://cloudresourcemanager.googleapis.com/v1/projects/andone-imoto:testIamPermissions [none]
[debug] [2022-08-29T03:32:07.132Z] >>> [apiv2][body] POST https://cloudresourcemanager.googleapis.com/v1/projects/andone-imoto:testIamPermissions {"permissions":["firebase.projects.get"]}
[debug] [2022-08-29T03:32:07.827Z] <<< [apiv2][status] POST https://cloudresourcemanager.googleapis.com/v1/projects/andone-imoto:testIamPermissions 200
[debug] [2022-08-29T03:32:07.827Z] <<< [apiv2][body] POST https://cloudresourcemanager.googleapis.com/v1/projects/andone-imoto:testIamPermissions {"permissions":["firebase.projects.get"]}
[debug] [2022-08-29T03:32:07.828Z] >>> [apiv2][query] GET https://firebase.googleapis.com/v1beta1/projects/andone-imoto [none]
[debug] [2022-08-29T03:32:08.223Z] <<< [apiv2][status] GET https://firebase.googleapis.com/v1beta1/projects/andone-imoto 200
[debug] [2022-08-29T03:32:08.223Z] <<< [apiv2][body] GET https://firebase.googleapis.com/v1beta1/projects/andone-imoto {"projectId":"andone-imoto","projectNumber":"513301105432","displayName":"AndOne-imoto","name":"projects/andone-imoto","resources":{"hostingSite":"andone-imoto","storageBucket":"andone-imoto.appspot.com","locationId":"asia-northeast1"},"state":"ACTIVE","etag":"1_081c4afa-ef8c-4cb6-af0f-7969191704bb"}
[info] 
[info] === Serving from '/Users/takaakiimoto/development/projects/and_one'...
[info] 
[debug] [2022-08-29T03:32:08.229Z] >>> [apiv2][query] GET https://firebasehosting.googleapis.com/v1beta1/projects/andone-imoto/sites 
[info] ✔  functions: Using node@16 from host. {"metadata":{"emulator":{"name":"functions"},"message":"Using node@16 from host."}}
[debug] [2022-08-29T03:32:08.246Z] defaultcredentials: writing to file /Users/takaakiimoto/.config/firebase/imoto_morefun_gmail.com_application_default_credentials.json
[debug] [2022-08-29T03:32:08.247Z] Setting GAC to /Users/takaakiimoto/.config/firebase/imoto_morefun_gmail.com_application_default_credentials.json {"metadata":{"emulator":{"name":"functions"},"message":"Setting GAC to /Users/takaakiimoto/.config/firebase/imoto_morefun_gmail.com_application_default_credentials.json"}}
[debug] [2022-08-29T03:32:08.248Z] >>> [apiv2][query] GET https://firebase.googleapis.com/v1beta1/projects/andone-imoto/adminSdkConfig [none]
[debug] [2022-08-29T03:32:08.550Z] <<< [apiv2][status] GET https://firebase.googleapis.com/v1beta1/projects/andone-imoto/adminSdkConfig 200
[debug] [2022-08-29T03:32:08.550Z] <<< [apiv2][body] GET https://firebase.googleapis.com/v1beta1/projects/andone-imoto/adminSdkConfig {"projectId":"andone-imoto","storageBucket":"andone-imoto.appspot.com","locationId":"asia-northeast1"}
[debug] [2022-08-29T03:32:08.937Z] <<< [apiv2][status] GET https://firebasehosting.googleapis.com/v1beta1/projects/andone-imoto/sites 200
[debug] [2022-08-29T03:32:08.938Z] <<< [apiv2][body] GET https://firebasehosting.googleapis.com/v1beta1/projects/andone-imoto/sites {"sites":[{"name":"projects/andone-imoto/sites/andone-imoto","defaultUrl":"https://andone-imoto.web.app","appId":"1:513301105432:web:f5fc15408616eb97c2ec6d","type":"DEFAULT_SITE"}]}
[debug] [2022-08-29T03:32:08.939Z] >>> [apiv2][query] GET https://firebase.googleapis.com/v1beta1/projects/andone-imoto/webApps/1:513301105432:web:f5fc15408616eb97c2ec6d/config [none]
[debug] [2022-08-29T03:32:10.168Z] <<< [apiv2][status] GET https://firebase.googleapis.com/v1beta1/projects/andone-imoto/webApps/1:513301105432:web:f5fc15408616eb97c2ec6d/config 200
[debug] [2022-08-29T03:32:10.168Z] <<< [apiv2][body] GET https://firebase.googleapis.com/v1beta1/projects/andone-imoto/webApps/1:513301105432:web:f5fc15408616eb97c2ec6d/config {"projectId":"andone-imoto","appId":"1:513301105432:web:f5fc15408616eb97c2ec6d","storageBucket":"andone-imoto.appspot.com","locationId":"asia-northeast1","apiKey":"AIzaSyDKez7KbEFqs53nyrMrAEI0rGPCrYOTtw4","authDomain":"andone-imoto.firebaseapp.com","messagingSenderId":"513301105432"}
[info] i  functions: Watching "/Users/takaakiimoto/development/projects/and_one/functions" for Cloud Functions... {"metadata":{"emulator":{"name":"functions"},"message":"Watching \"/Users/takaakiimoto/development/projects/and_one/functions\" for Cloud Functions..."}}
[info] i  hosting: Serving hosting files from: public {"metadata":{"emulator":{"name":"hosting"},"message":"Serving hosting files from: \u001b[1mpublic\u001b[22m"}}
[info] ✔  hosting: Local server: http://localhost:5000 {"metadata":{"emulator":{"name":"hosting"},"message":"Local server: \u001b[4m\u001b[1mhttp://localhost:5000\u001b[22m\u001b[24m"}}
[debug] [2022-08-29T03:32:10.216Z] Validating nodejs source
[debug] [2022-08-29T03:32:11.306Z] > [functions] package.json contents: {
  "name": "functions",
  "description": "Cloud Functions for Firebase",
  "scripts": {
    "serve": "firebase emulators:start --only functions",
    "shell": "firebase functions:shell",
    "start": "npm run shell",
    "deploy": "firebase deploy --only functions",
    "logs": "firebase functions:log"
  },
  "engines": {
    "node": "16"
  },
  "main": "index.js",
  "dependencies": {
    "@chakra-ui/icons": "^2.0.9",
    "@chakra-ui/react": "^2.2.9",
    "@emotion/react": "^11.10.0",
    "@emotion/styled": "^11.10.0",
    "@reduxjs/toolkit": "^1.8.5",
    "@sentry/node": "^7.11.1",
    "firebase": "^9.9.3",
    "firebase-admin": "^10.0.2",
    "firebase-functions": "^3.22.0",
    "firebase-tools": "^10.2.1",
    "framer-motion": "^6.5.1",
    "moment": "^2.29.4",
    "next": "12.2.5",
    "react": "18.2.0",
    "react-dom": "18.2.0",
    "react-icons": "^4.4.0",
    "react-redux": "^8.0.2",
    "reactstrap": "^9.1.3",
    "uuid": "^8.3.2"
  },
  "devDependencies": {
    "firebase-functions-test": "^0.2.0"
  },
  "private": true
}
[debug] [2022-08-29T03:32:11.306Z] Building nodejs source
[debug] [2022-08-29T03:32:11.306Z] Analyzing nodejs backend spec
[info] ✔  functions[asia-northeast1-v1-callable-hello]: http function initialized (http://localhost:5001/andone-imoto/asia-northeast1/v1-callable-hello). {"metadata":{"emulator":{"name":"functions"},"message":"\u001b[1mhttp\u001b[22m function initialized (http://localhost:5001/andone-imoto/asia-northeast1/v1-callable-hello)."}}
[info] ✔  functions[us-central1-nextapp]: http function initialized (http://localhost:5001/andone-imoto/us-central1/nextapp). {"metadata":{"emulator":{"name":"functions"},"message":"\u001b[1mhttp\u001b[22m function initialized (http://localhost:5001/andone-imoto/us-central1/nextapp)."}}
[debug] [2022-08-29T03:32:17.349Z] [work-queue] {"queueLength":1,"workRunningCount":0}
[debug] [2022-08-29T03:32:17.350Z] [work-queue] {"queueLength":0,"workRunningCount":1}
[debug] [2022-08-29T03:32:17.350Z] Accepted request OPTIONS /andone-imoto/asia-northeast1/v1-callable-hello --> asia-northeast1-v1-callable-hello
[debug] [2022-08-29T03:32:17.363Z] [worker-pool] addWorker(asia-northeast1-v1-callable-hello) {"metadata":{"emulator":{"name":"functions"},"message":"[worker-pool] addWorker(asia-northeast1-v1-callable-hello)"}}
[debug] [2022-08-29T03:32:17.364Z] [worker-pool] Adding worker with key asia-northeast1-v1-callable-hello, total=1 {"metadata":{"emulator":{"name":"functions"},"message":"[worker-pool] Adding worker with key asia-northeast1-v1-callable-hello, total=1"}}
[debug] [2022-08-29T03:32:17.364Z] [worker-pool] submitWork(triggerId=asia-northeast1-v1-callable-hello) {"metadata":{"emulator":{"name":"functions"},"message":"[worker-pool] submitWork(triggerId=asia-northeast1-v1-callable-hello)"}}
[debug] [2022-08-29T03:32:17.365Z] [worker-asia-northeast1-v1-callable-hello-60024793-a7b2-49e8-897d-9dbcc252078b]: Assigning socketPath: /var/folders/dc/4v00lmm147ddnp1_0cchl11h0000gn/T/fire_emu_3566.sock {"metadata":{"emulator":{"name":"functions"},"message":"[worker-asia-northeast1-v1-callable-hello-60024793-a7b2-49e8-897d-9dbcc252078b]: Assigning socketPath: /var/folders/dc/4v00lmm147ddnp1_0cchl11h0000gn/T/fire_emu_3566.sock"}}
[debug] [2022-08-29T03:32:17.365Z] [worker-asia-northeast1-v1-callable-hello-60024793-a7b2-49e8-897d-9dbcc252078b]: BUSY {"metadata":{"emulator":{"name":"functions"},"message":"[worker-asia-northeast1-v1-callable-hello-60024793-a7b2-49e8-897d-9dbcc252078b]: BUSY"}}
[debug] [2022-08-29T03:32:17.953Z] [runtime-status] [3566] Functions runtime initialized. {"cwd":"/Users/takaakiimoto/development/projects/and_one/functions","node_version":"16.13.0"} {"metadata":{"emulator":{"name":"functions"},"function":{"name":"asia-northeast1-v1-callable-hello"},"extension":{},"message":"[runtime-status] [3566] Functions runtime initialized. {\"cwd\":\"/Users/takaakiimoto/development/projects/and_one/functions\",\"node_version\":\"16.13.0\"}"}}
[debug] [2022-08-29T03:32:17.953Z] [runtime-status] [3566] Disabled runtime features: undefined {"metadata":{"emulator":{"name":"functions"},"function":{"name":"asia-northeast1-v1-callable-hello"},"extension":{},"message":"[runtime-status] [3566] Disabled runtime features: undefined"}}
[debug] [2022-08-29T03:32:17.954Z] [runtime-status] [3566] Resolved module firebase-admin {"declared":true,"installed":true,"version":"10.3.0","resolution":"/Users/takaakiimoto/development/projects/and_one/functions/node_modules/firebase-admin/lib/index.js"} {"metadata":{"emulator":{"name":"functions"},"function":{"name":"asia-northeast1-v1-callable-hello"},"extension":{},"message":"[runtime-status] [3566] Resolved module firebase-admin {\"declared\":true,\"installed\":true,\"version\":\"10.3.0\",\"resolution\":\"/Users/takaakiimoto/development/projects/and_one/functions/node_modules/firebase-admin/lib/index.js\"}"}}
[debug] [2022-08-29T03:32:17.954Z] [runtime-status] [3566] Resolved module firebase-functions {"declared":true,"installed":true,"version":"3.22.0","resolution":"/Users/takaakiimoto/development/projects/and_one/functions/node_modules/firebase-functions/lib/index.js"} {"metadata":{"emulator":{"name":"functions"},"function":{"name":"asia-northeast1-v1-callable-hello"},"extension":{},"message":"[runtime-status] [3566] Resolved module firebase-functions {\"declared\":true,\"installed\":true,\"version\":\"3.22.0\",\"resolution\":\"/Users/takaakiimoto/development/projects/and_one/functions/node_modules/firebase-functions/lib/index.js\"}"}}
[debug] [2022-08-29T03:32:17.955Z] [runtime-status] [3566] Found local functions config: /Users/takaakiimoto/development/projects/and_one/functions/.runtimeconfig.json {"metadata":{"emulator":{"name":"functions"},"function":{"name":"asia-northeast1-v1-callable-hello"},"extension":{},"message":"[runtime-status] [3566] Found local functions config: /Users/takaakiimoto/development/projects/and_one/functions/.runtimeconfig.json"}}
[debug] [2022-08-29T03:32:17.955Z] [runtime-status] [3566] Outgoing network have been stubbed. [{"name":"http","status":"mocked"},{"name":"http","status":"mocked"},{"name":"https","status":"mocked"},{"name":"https","status":"mocked"},{"name":"net","status":"mocked"}] {"metadata":{"emulator":{"name":"functions"},"function":{"name":"asia-northeast1-v1-callable-hello"},"extension":{},"message":"[runtime-status] [3566] Outgoing network have been stubbed. [{\"name\":\"http\",\"status\":\"mocked\"},{\"name\":\"http\",\"status\":\"mocked\"},{\"name\":\"https\",\"status\":\"mocked\"},{\"name\":\"https\",\"status\":\"mocked\"},{\"name\":\"net\",\"status\":\"mocked\"}]"}}
[debug] [2022-08-29T03:32:17.955Z] [runtime-status] [3566] Resolved module firebase-functions {"declared":true,"installed":true,"version":"3.22.0","resolution":"/Users/takaakiimoto/development/projects/and_one/functions/node_modules/firebase-functions/lib/index.js"} {"metadata":{"emulator":{"name":"functions"},"function":{"name":"asia-northeast1-v1-callable-hello"},"extension":{},"message":"[runtime-status] [3566] Resolved module firebase-functions {\"declared\":true,\"installed\":true,\"version\":\"3.22.0\",\"resolution\":\"/Users/takaakiimoto/development/projects/and_one/functions/node_modules/firebase-functions/lib/index.js\"}"}}
[debug] [2022-08-29T03:32:17.975Z] [runtime-status] [3566] Checked functions.config() {"config":{"service_account":{"client_email":"firebase-adminsdk-4bua2@andone-imoto.iam.gserviceaccount.com","private_key_id":"b82758e2fc530e0692b730ddddf3168128b59ec5","client_id":"112114299070411940829","project_id":"andone-imoto","client_x509_cert_url":"https://www.googleapis.com/robot/v1/metadata/x509/firebase-adminsdk-4bua2%40andone-imoto.iam.gserviceaccount.com","auth_provider_x509_cert_url":"https://www.googleapis.com/oauth2/v1/certs","token_uri":"https://oauth2.googleapis.com/token","private_key":"-----BEGIN PRIVATE KEY-----\nMIIEvgIBADANBgkqhkiG9w0BAQEFAASCBKgwggSkAgEAAoIBAQDAfpW5OnH6fzcm\nPZ70iQgtWeydgW2CflbAX6oJUqczwg+LA3Z6nVvglxvwc2+kjAZBOslLp4DoHZy7\nOFrmxhikhIV4EkuVBeH/ehC9UoA2vMOWbXDWJ9tyvCO7ipbwbvZjw4Bj1kxqd1P4\nFvZ14mb3VyDYZ7PJXx/70VEygclg8B0G6UCYrh8uUXxfInCHfMQFfux56b3rk6ai\n1WZcEEqSnqLJ51RADzjVq9mJROZSgW7SG84ST7HVSiPBy7sxno6ZT8Jv/l7p+RzT\nPdXEde+eQBbpq4lE/ujmXq0KuPSAptoIMqq+QSlkRLFOTwDP5uqJX/tHSPSrooRU\nKMmREytnAgMBAAECggEAS5gqolBSfIZDGTBv4SaDYJQE+SHf6LRGy0uGUhz0br4S\nLoyQlbyAXWXaYgZjXKJkvm8gqCZC2GTwrRGHmUNIYCtu4uWEayShSRwdwMvKcDSX\nNtcJzgBfDOLXwYm+lvNsrWcUX6DD57eu8SnLZiYgO5gq3PF0yGsj+1eLZKNVe0yA\n4zQGQgWwh2u2hibknih2Y7wR13g5jM9AawOI3AxNgh+BD2WtRc90cGpFO80o3gwd\n3UvtpDPkFZ0vPf29ytpYhsjE8eSLdaHLGlHSVjRqOj5XWz7yVwBnCYYE/JThVYhV\ncEthWd7B2DNOaBjqsrBLGuh4ULiyk5W2QwCnWaaeKQKBgQD6vFT9Q8tCQbkk7V3g\nA5OcA6V7nbl+ZJqYWTKC/y15Mua/uceacdpeRUTyHl0O4en6PexrDBWGfAw791B/\nsvGqp1k9u9+/e++7ELbU3TKxD2FcRnWhUZY2BfIDKu/xA9nX4NwmN+g8+bSATLWX\n7QQgC7hUnNBAR4juetzRyFVG+wKBgQDEiTb/XWaxJboXbafZuRXcjxvcEis+ps30\nRjH2tqTfsWk3VT8kF4HFB9XxeRsPjrNd7Qqp+Sv48XwBKdTOIlaPAidCnuDeplU1\nb5oVuMEJb4/YX17e+CqFZpiLLCXbjA/9gJUJYZzkgk3/5SDd6ffUmEG79cS3A5+U\nbeRyyGnxhQKBgQCfFFYnyZdwFhrNXvwsYJiKZ5XadBt4IYQkHJN7oULMnorgIZKO\nXqXZIcG4i6MnChZU+mzBDg2qIZHxidu86V+CkmKAVG6FIrDa0qPtMdozlDqFPP7s\ntsLCy8rcT6WkGHliCfwjE115MkRfEkw0c+AmJMlyhXtrDPfHtpPbVWsleQKBgApO\nm+jGkDUoIltKL+xWLZRUmQRwm338p35xE/u5Vmo41qjFOrt81BxuLcUtMcMeG8AI\nR2/klm7G01cIR5XL7Tgwx7hRtr9Wf89+m9kZyF3jUOrrDYGqCCjY2ZUq6o1aChik\nXqyQRvcg8lBCRvf8ZjfrCD+AQyHJ+duB6+ItKok1AoGBAOE9unAEORG14QE9XR1G\ndEylgBymGsgGHNdb/Eag5Ylzoqn8U9+Ri0HdsCm11ZIDxpKlcTxRcbCZo0p7JcYf\n8Be6HUsWFgGr63Y+VE6QtN7VNXat2Sjp1tfSJqPT2MSgK28QPmO1OMtF1VbU4ICD\nr3z3NbiCVp9WWBB3F5gYaXEa\n-----END PRIVATE KEY-----\n","type":"service_account","auth_uri":"https://accounts.google.com/o/oauth2/auth"},"sentry":{"dsn":"https://7c5d2c1ff2754d6d84c3817cea4cc202@o464783.ingest.sentry.io/6317582"},"basic":{"env":"imoto","base_url":"https://andone-imoto.firebaseapp.com/"},"slack":{"channel":{"debug":"https://hooks.slack.com/services/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"}}}} {"metadata":{"emulator":{"name":"functions"},"function":{"name":"asia-northeast1-v1-callable-hello"},"extension":{},"message":"[runtime-status] [3566] Checked functions.config() {\"config\":{\"service_account\":{\"client_email\":\"firebase-adminsdk-4bua2@andone-imoto.iam.gserviceaccount.com\",\"private_key_id\":\"b82758e2fc530e0692b730ddddf3168128b59ec5\",\"client_id\":\"112114299070411940829\",\"project_id\":\"andone-imoto\",\"client_x509_cert_url\":\"https://www.googleapis.com/robot/v1/metadata/x509/firebase-adminsdk-4bua2%40andone-imoto.iam.gserviceaccount.com\",\"auth_provider_x509_cert_url\":\"https://www.googleapis.com/oauth2/v1/certs\",\"token_uri\":\"https://oauth2.googleapis.com/token\",\"private_key\":\"-----BEGIN PRIVATE KEY-----\\nMIIEvgIBADANBgkqhkiG9w0BAQEFAASCBKgwggSkAgEAAoIBAQDAfpW5OnH6fzcm\\nPZ70iQgtWeydgW2CflbAX6oJUqczwg+LA3Z6nVvglxvwc2+kjAZBOslLp4DoHZy7\\nOFrmxhikhIV4EkuVBeH/ehC9UoA2vMOWbXDWJ9tyvCO7ipbwbvZjw4Bj1kxqd1P4\\nFvZ14mb3VyDYZ7PJXx/70VEygclg8B0G6UCYrh8uUXxfInCHfMQFfux56b3rk6ai\\n1WZcEEqSnqLJ51RADzjVq9mJROZSgW7SG84ST7HVSiPBy7sxno6ZT8Jv/l7p+RzT\\nPdXEde+eQBbpq4lE/ujmXq0KuPSAptoIMqq+QSlkRLFOTwDP5uqJX/tHSPSrooRU\\nKMmREytnAgMBAAECggEAS5gqolBSfIZDGTBv4SaDYJQE+SHf6LRGy0uGUhz0br4S\\nLoyQlbyAXWXaYgZjXKJkvm8gqCZC2GTwrRGHmUNIYCtu4uWEayShSRwdwMvKcDSX\\nNtcJzgBfDOLXwYm+lvNsrWcUX6DD57eu8SnLZiYgO5gq3PF0yGsj+1eLZKNVe0yA\\n4zQGQgWwh2u2hibknih2Y7wR13g5jM9AawOI3AxNgh+BD2WtRc90cGpFO80o3gwd\\n3UvtpDPkFZ0vPf29ytpYhsjE8eSLdaHLGlHSVjRqOj5XWz7yVwBnCYYE/JThVYhV\\ncEthWd7B2DNOaBjqsrBLGuh4ULiyk5W2QwCnWaaeKQKBgQD6vFT9Q8tCQbkk7V3g\\nA5OcA6V7nbl+ZJqYWTKC/y15Mua/uceacdpeRUTyHl0O4en6PexrDBWGfAw791B/\\nsvGqp1k9u9+/e++7ELbU3TKxD2FcRnWhUZY2BfIDKu/xA9nX4NwmN+g8+bSATLWX\\n7QQgC7hUnNBAR4juetzRyFVG+wKBgQDEiTb/XWaxJboXbafZuRXcjxvcEis+ps30\\nRjH2tqTfsWk3VT8kF4HFB9XxeRsPjrNd7Qqp+Sv48XwBKdTOIlaPAidCnuDeplU1\\nb5oVuMEJb4/YX17e+CqFZpiLLCXbjA/9gJUJYZzkgk3/5SDd6ffUmEG79cS3A5+U\\nbeRyyGnxhQKBgQCfFFYnyZdwFhrNXvwsYJiKZ5XadBt4IYQkHJN7oULMnorgIZKO\\nXqXZIcG4i6MnChZU+mzBDg2qIZHxidu86V+CkmKAVG6FIrDa0qPtMdozlDqFPP7s\\ntsLCy8rcT6WkGHliCfwjE115MkRfEkw0c+AmJMlyhXtrDPfHtpPbVWsleQKBgApO\\nm+jGkDUoIltKL+xWLZRUmQRwm338p35xE/u5Vmo41qjFOrt81BxuLcUtMcMeG8AI\\nR2/klm7G01cIR5XL7Tgwx7hRtr9Wf89+m9kZyF3jUOrrDYGqCCjY2ZUq6o1aChik\\nXqyQRvcg8lBCRvf8ZjfrCD+AQyHJ+duB6+ItKok1AoGBAOE9unAEORG14QE9XR1G\\ndEylgBymGsgGHNdb/Eag5Ylzoqn8U9+Ri0HdsCm11ZIDxpKlcTxRcbCZo0p7JcYf\\n8Be6HUsWFgGr63Y+VE6QtN7VNXat2Sjp1tfSJqPT2MSgK28QPmO1OMtF1VbU4ICD\\nr3z3NbiCVp9WWBB3F5gYaXEa\\n-----END PRIVATE KEY-----\\n\",\"type\":\"service_account\",\"auth_uri\":\"https://accounts.google.com/o/oauth2/auth\"},\"sentry\":{\"dsn\":\"https://7c5d2c1ff2754d6d84c3817cea4cc202@o464783.ingest.sentry.io/6317582\"},\"basic\":{\"env\":\"imoto\",\"base_url\":\"https://andone-imoto.firebaseapp.com/\"},\"slack\":{\"channel\":{\"debug\":\"https://hooks.slack.com/services/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\"}}}}"}}
[debug] [2022-08-29T03:32:17.976Z] [runtime-status] [3566] firebase-functions has been stubbed. {"functionsResolution":{"declared":true,"installed":true,"version":"3.22.0","resolution":"/Users/takaakiimoto/development/projects/and_one/functions/node_modules/firebase-functions/lib/index.js"}} {"metadata":{"emulator":{"name":"functions"},"function":{"name":"asia-northeast1-v1-callable-hello"},"extension":{},"message":"[runtime-status] [3566] firebase-functions has been stubbed. {\"functionsResolution\":{\"declared\":true,\"installed\":true,\"version\":\"3.22.0\",\"resolution\":\"/Users/takaakiimoto/development/projects/and_one/functions/node_modules/firebase-functions/lib/index.js\"}}"}}
[debug] [2022-08-29T03:32:17.976Z] [runtime-status] [3566] Resolved module firebase-functions {"declared":true,"installed":true,"version":"3.22.0","resolution":"/Users/takaakiimoto/development/projects/and_one/functions/node_modules/firebase-functions/lib/index.js"} {"metadata":{"emulator":{"name":"functions"},"function":{"name":"asia-northeast1-v1-callable-hello"},"extension":{},"message":"[runtime-status] [3566] Resolved module firebase-functions {\"declared\":true,\"installed\":true,\"version\":\"3.22.0\",\"resolution\":\"/Users/takaakiimoto/development/projects/and_one/functions/node_modules/firebase-functions/lib/index.js\"}"}}
[debug] [2022-08-29T03:32:17.976Z] [runtime-status] [3566] Resolved module firebase-admin {"declared":true,"installed":true,"version":"10.3.0","resolution":"/Users/takaakiimoto/development/projects/and_one/functions/node_modules/firebase-admin/lib/index.js"} {"metadata":{"emulator":{"name":"functions"},"function":{"name":"asia-northeast1-v1-callable-hello"},"extension":{},"message":"[runtime-status] [3566] Resolved module firebase-admin {\"declared\":true,\"installed\":true,\"version\":\"10.3.0\",\"resolution\":\"/Users/takaakiimoto/development/projects/and_one/functions/node_modules/firebase-admin/lib/index.js\"}"}}
[debug] [2022-08-29T03:32:17.976Z] [runtime-status] [3566] Resolved module firebase-functions {"declared":true,"installed":true,"version":"3.22.0","resolution":"/Users/takaakiimoto/development/projects/and_one/functions/node_modules/firebase-functions/lib/index.js"} {"metadata":{"emulator":{"name":"functions"},"function":{"name":"asia-northeast1-v1-callable-hello"},"extension":{},"message":"[runtime-status] [3566] Resolved module firebase-functions {\"declared\":true,\"installed\":true,\"version\":\"3.22.0\",\"resolution\":\"/Users/takaakiimoto/development/projects/and_one/functions/node_modules/firebase-functions/lib/index.js\"}"}}
[debug] [2022-08-29T03:32:17.976Z] [runtime-status] [3566] firebase-admin has been stubbed. {"adminResolution":{"declared":true,"installed":true,"version":"10.3.0","resolution":"/Users/takaakiimoto/development/projects/and_one/functions/node_modules/firebase-admin/lib/index.js"}} {"metadata":{"emulator":{"name":"functions"},"function":{"name":"asia-northeast1-v1-callable-hello"},"extension":{},"message":"[runtime-status] [3566] firebase-admin has been stubbed. {\"adminResolution\":{\"declared\":true,\"installed\":true,\"version\":\"10.3.0\",\"resolution\":\"/Users/takaakiimoto/development/projects/and_one/functions/node_modules/firebase-admin/lib/index.js\"}}"}}
[debug] [2022-08-29T03:32:18.021Z] [runtime-status] [3566] initializeApp(DEFAULT) {"credential":{"implicit":false,"projectId":"andone-imoto","privateKey":"-----BEGIN PRIVATE KEY-----\nMIIEvgIBADANBgkqhkiG9w0BAQEFAASCBKgwggSkAgEAAoIBAQDAfpW5OnH6fzcm\nPZ70iQgtWeydgW2CflbAX6oJUqczwg+LA3Z6nVvglxvwc2+kjAZBOslLp4DoHZy7\nOFrmxhikhIV4EkuVBeH/ehC9UoA2vMOWbXDWJ9tyvCO7ipbwbvZjw4Bj1kxqd1P4\nFvZ14mb3VyDYZ7PJXx/70VEygclg8B0G6UCYrh8uUXxfInCHfMQFfux56b3rk6ai\n1WZcEEqSnqLJ51RADzjVq9mJROZSgW7SG84ST7HVSiPBy7sxno6ZT8Jv/l7p+RzT\nPdXEde+eQBbpq4lE/ujmXq0KuPSAptoIMqq+QSlkRLFOTwDP5uqJX/tHSPSrooRU\nKMmREytnAgMBAAECggEAS5gqolBSfIZDGTBv4SaDYJQE+SHf6LRGy0uGUhz0br4S\nLoyQlbyAXWXaYgZjXKJkvm8gqCZC2GTwrRGHmUNIYCtu4uWEayShSRwdwMvKcDSX\nNtcJzgBfDOLXwYm+lvNsrWcUX6DD57eu8SnLZiYgO5gq3PF0yGsj+1eLZKNVe0yA\n4zQGQgWwh2u2hibknih2Y7wR13g5jM9AawOI3AxNgh+BD2WtRc90cGpFO80o3gwd\n3UvtpDPkFZ0vPf29ytpYhsjE8eSLdaHLGlHSVjRqOj5XWz7yVwBnCYYE/JThVYhV\ncEthWd7B2DNOaBjqsrBLGuh4ULiyk5W2QwCnWaaeKQKBgQD6vFT9Q8tCQbkk7V3g\nA5OcA6V7nbl+ZJqYWTKC/y15Mua/uceacdpeRUTyHl0O4en6PexrDBWGfAw791B/\nsvGqp1k9u9+/e++7ELbU3TKxD2FcRnWhUZY2BfIDKu/xA9nX4NwmN+g8+bSATLWX\n7QQgC7hUnNBAR4juetzRyFVG+wKBgQDEiTb/XWaxJboXbafZuRXcjxvcEis+ps30\nRjH2tqTfsWk3VT8kF4HFB9XxeRsPjrNd7Qqp+Sv48XwBKdTOIlaPAidCnuDeplU1\nb5oVuMEJb4/YX17e+CqFZpiLLCXbjA/9gJUJYZzkgk3/5SDd6ffUmEG79cS3A5+U\nbeRyyGnxhQKBgQCfFFYnyZdwFhrNXvwsYJiKZ5XadBt4IYQkHJN7oULMnorgIZKO\nXqXZIcG4i6MnChZU+mzBDg2qIZHxidu86V+CkmKAVG6FIrDa0qPtMdozlDqFPP7s\ntsLCy8rcT6WkGHliCfwjE115MkRfEkw0c+AmJMlyhXtrDPfHtpPbVWsleQKBgApO\nm+jGkDUoIltKL+xWLZRUmQRwm338p35xE/u5Vmo41qjFOrt81BxuLcUtMcMeG8AI\nR2/klm7G01cIR5XL7Tgwx7hRtr9Wf89+m9kZyF3jUOrrDYGqCCjY2ZUq6o1aChik\nXqyQRvcg8lBCRvf8ZjfrCD+AQyHJ+duB6+ItKok1AoGBAOE9unAEORG14QE9XR1G\ndEylgBymGsgGHNdb/Eag5Ylzoqn8U9+Ri0HdsCm11ZIDxpKlcTxRcbCZo0p7JcYf\n8Be6HUsWFgGr63Y+VE6QtN7VNXat2Sjp1tfSJqPT2MSgK28QPmO1OMtF1VbU4ICD\nr3z3NbiCVp9WWBB3F5gYaXEa\n-----END PRIVATE KEY-----\n","clientEmail":"firebase-adminsdk-4bua2@andone-imoto.iam.gserviceaccount.com","httpClient":{"retry":{"maxRetries":4,"statusCodes":[503],"ioErrorCodes":["ECONNRESET","ETIMEDOUT"],"backOffFactor":0.5,"maxDelayInMillis":60000}}},"storageBucket":"andone-imoto.appspot.com"} {"metadata":{"emulator":{"name":"functions"},"function":{"name":"asia-northeast1-v1-callable-hello"},"extension":{},"message":"[runtime-status] [3566] initializeApp(DEFAULT) {\"credential\":{\"implicit\":false,\"projectId\":\"andone-imoto\",\"privateKey\":\"-----BEGIN PRIVATE KEY-----\\nMIIEvgIBADANBgkqhkiG9w0BAQEFAASCBKgwggSkAgEAAoIBAQDAfpW5OnH6fzcm\\nPZ70iQgtWeydgW2CflbAX6oJUqczwg+LA3Z6nVvglxvwc2+kjAZBOslLp4DoHZy7\\nOFrmxhikhIV4EkuVBeH/ehC9UoA2vMOWbXDWJ9tyvCO7ipbwbvZjw4Bj1kxqd1P4\\nFvZ14mb3VyDYZ7PJXx/70VEygclg8B0G6UCYrh8uUXxfInCHfMQFfux56b3rk6ai\\n1WZcEEqSnqLJ51RADzjVq9mJROZSgW7SG84ST7HVSiPBy7sxno6ZT8Jv/l7p+RzT\\nPdXEde+eQBbpq4lE/ujmXq0KuPSAptoIMqq+QSlkRLFOTwDP5uqJX/tHSPSrooRU\\nKMmREytnAgMBAAECggEAS5gqolBSfIZDGTBv4SaDYJQE+SHf6LRGy0uGUhz0br4S\\nLoyQlbyAXWXaYgZjXKJkvm8gqCZC2GTwrRGHmUNIYCtu4uWEayShSRwdwMvKcDSX\\nNtcJzgBfDOLXwYm+lvNsrWcUX6DD57eu8SnLZiYgO5gq3PF0yGsj+1eLZKNVe0yA\\n4zQGQgWwh2u2hibknih2Y7wR13g5jM9AawOI3AxNgh+BD2WtRc90cGpFO80o3gwd\\n3UvtpDPkFZ0vPf29ytpYhsjE8eSLdaHLGlHSVjRqOj5XWz7yVwBnCYYE/JThVYhV\\ncEthWd7B2DNOaBjqsrBLGuh4ULiyk5W2QwCnWaaeKQKBgQD6vFT9Q8tCQbkk7V3g\\nA5OcA6V7nbl+ZJqYWTKC/y15Mua/uceacdpeRUTyHl0O4en6PexrDBWGfAw791B/\\nsvGqp1k9u9+/e++7ELbU3TKxD2FcRnWhUZY2BfIDKu/xA9nX4NwmN+g8+bSATLWX\\n7QQgC7hUnNBAR4juetzRyFVG+wKBgQDEiTb/XWaxJboXbafZuRXcjxvcEis+ps30\\nRjH2tqTfsWk3VT8kF4HFB9XxeRsPjrNd7Qqp+Sv48XwBKdTOIlaPAidCnuDeplU1\\nb5oVuMEJb4/YX17e+CqFZpiLLCXbjA/9gJUJYZzkgk3/5SDd6ffUmEG79cS3A5+U\\nbeRyyGnxhQKBgQCfFFYnyZdwFhrNXvwsYJiKZ5XadBt4IYQkHJN7oULMnorgIZKO\\nXqXZIcG4i6MnChZU+mzBDg2qIZHxidu86V+CkmKAVG6FIrDa0qPtMdozlDqFPP7s\\ntsLCy8rcT6WkGHliCfwjE115MkRfEkw0c+AmJMlyhXtrDPfHtpPbVWsleQKBgApO\\nm+jGkDUoIltKL+xWLZRUmQRwm338p35xE/u5Vmo41qjFOrt81BxuLcUtMcMeG8AI\\nR2/klm7G01cIR5XL7Tgwx7hRtr9Wf89+m9kZyF3jUOrrDYGqCCjY2ZUq6o1aChik\\nXqyQRvcg8lBCRvf8ZjfrCD+AQyHJ+duB6+ItKok1AoGBAOE9unAEORG14QE9XR1G\\ndEylgBymGsgGHNdb/Eag5Ylzoqn8U9+Ri0HdsCm11ZIDxpKlcTxRcbCZo0p7JcYf\\n8Be6HUsWFgGr63Y+VE6QtN7VNXat2Sjp1tfSJqPT2MSgK28QPmO1OMtF1VbU4ICD\\nr3z3NbiCVp9WWBB3F5gYaXEa\\n-----END PRIVATE KEY-----\\n\",\"clientEmail\":\"firebase-adminsdk-4bua2@andone-imoto.iam.gserviceaccount.com\",\"httpClient\":{\"retry\":{\"maxRetries\":4,\"statusCodes\":[503],\"ioErrorCodes\":[\"ECONNRESET\",\"ETIMEDOUT\"],\"backOffFactor\":0.5,\"maxDelayInMillis\":60000}}},\"storageBucket\":\"andone-imoto.appspot.com\"}"}}
[debug] [2022-08-29T03:32:18.021Z] [runtime-status] [3566] Beginning invocation function v1.callable.hello! {"metadata":{"emulator":{"name":"functions"},"function":{"name":"asia-northeast1-v1-callable-hello"},"extension":{},"message":"[runtime-status] [3566] Beginning invocation function v1.callable.hello!"}}
[info] i  functions: Beginning execution of "v1.callable.hello" {"metadata":{"emulator":{"name":"functions"},"function":{"name":"asia-northeast1-v1-callable-hello"},"extension":{},"message":"Beginning execution of \"v1.callable.hello\""}}
[debug] [2022-08-29T03:32:18.021Z] [runtime-status] [3566] Running v1.callable.hello in signature http {"metadata":{"emulator":{"name":"functions"},"function":{"name":"asia-northeast1-v1-callable-hello"},"extension":{},"message":"[runtime-status] [3566] Running v1.callable.hello in signature http"}}
[debug] [2022-08-29T03:32:18.022Z] [runtime-status] [3566] Attempting to listen to socketPath: /var/folders/dc/4v00lmm147ddnp1_0cchl11h0000gn/T/fire_emu_3566.sock {"metadata":{"emulator":{"name":"functions"},"function":{"name":"asia-northeast1-v1-callable-hello"},"extension":{},"message":"[runtime-status] [3566] Attempting to listen to socketPath: /var/folders/dc/4v00lmm147ddnp1_0cchl11h0000gn/T/fire_emu_3566.sock"}}
[debug] [2022-08-29T03:32:18.024Z] [functions] Runtime ready! Sending request! {"metadata":{"emulator":{"name":"functions"},"message":"[functions] Runtime ready! Sending request!"}}
[debug] [2022-08-29T03:32:18.025Z] [functions] Got req.url=/andone-imoto/asia-northeast1/v1-callable-hello, mapping to path=/ {"metadata":{"emulator":{"name":"functions"},"message":"[functions] Got req.url=/andone-imoto/asia-northeast1/v1-callable-hello, mapping to path=/"}}
[debug] [2022-08-29T03:32:18.027Z] [runtime-status] [3566] Ephemeral server handling OPTIONS request {"metadata":{"emulator":{"name":"functions"},"function":{"name":"asia-northeast1-v1-callable-hello"},"extension":{},"message":"[runtime-status] [3566] Ephemeral server handling OPTIONS request"}}
[debug] [2022-08-29T03:32:18.030Z] [runtime-status] [3566] Ephemeral server survived. {"metadata":{"emulator":{"name":"functions"},"function":{"name":"asia-northeast1-v1-callable-hello"},"extension":{},"message":"[runtime-status] [3566] Ephemeral server survived."}}
[info] i  functions: Finished "v1.callable.hello" in ~1s {"metadata":{"emulator":{"name":"functions"},"function":{"name":"asia-northeast1-v1-callable-hello"},"extension":{},"message":"Finished \"v1.callable.hello\" in ~1s"}}
[debug] [2022-08-29T03:32:18.030Z] [worker-asia-northeast1-v1-callable-hello-60024793-a7b2-49e8-897d-9dbcc252078b]: IDLE {"metadata":{"emulator":{"name":"functions"},"message":"[worker-asia-northeast1-v1-callable-hello-60024793-a7b2-49e8-897d-9dbcc252078b]: IDLE"}}
[debug] [2022-08-29T03:32:18.030Z] [work-queue] {"queueLength":0,"workRunningCount":0}
[debug] [2022-08-29T03:32:18.031Z] [work-queue] {"queueLength":1,"workRunningCount":0}
[debug] [2022-08-29T03:32:18.031Z] [work-queue] {"queueLength":0,"workRunningCount":1}
[debug] [2022-08-29T03:32:18.031Z] Accepted request POST /andone-imoto/asia-northeast1/v1-callable-hello --> asia-northeast1-v1-callable-hello
[debug] [2022-08-29T03:32:18.032Z] [worker-pool] submitWork(triggerId=asia-northeast1-v1-callable-hello) {"metadata":{"emulator":{"name":"functions"},"message":"[worker-pool] submitWork(triggerId=asia-northeast1-v1-callable-hello)"}}
[debug] [2022-08-29T03:32:18.032Z] [worker-asia-northeast1-v1-callable-hello-60024793-a7b2-49e8-897d-9dbcc252078b]: Assigning socketPath: /var/folders/dc/4v00lmm147ddnp1_0cchl11h0000gn/T/fire_emu_3566.sock {"metadata":{"emulator":{"name":"functions"},"message":"[worker-asia-northeast1-v1-callable-hello-60024793-a7b2-49e8-897d-9dbcc252078b]: Assigning socketPath: /var/folders/dc/4v00lmm147ddnp1_0cchl11h0000gn/T/fire_emu_3566.sock"}}
[debug] [2022-08-29T03:32:18.032Z] [worker-asia-northeast1-v1-callable-hello-60024793-a7b2-49e8-897d-9dbcc252078b]: BUSY {"metadata":{"emulator":{"name":"functions"},"message":"[worker-asia-northeast1-v1-callable-hello-60024793-a7b2-49e8-897d-9dbcc252078b]: BUSY"}}
[debug] [2022-08-29T03:32:18.042Z] [runtime-status] [3566] Beginning invocation function v1.callable.hello! {"metadata":{"emulator":{"name":"functions"},"function":{"name":"asia-northeast1-v1-callable-hello"},"extension":{},"message":"[runtime-status] [3566] Beginning invocation function v1.callable.hello!"}}
[info] i  functions: Beginning execution of "v1.callable.hello" {"metadata":{"emulator":{"name":"functions"},"function":{"name":"asia-northeast1-v1-callable-hello"},"extension":{},"message":"Beginning execution of \"v1.callable.hello\""}}
[debug] [2022-08-29T03:32:18.042Z] [runtime-status] [3566] Running v1.callable.hello in signature http {"metadata":{"emulator":{"name":"functions"},"function":{"name":"asia-northeast1-v1-callable-hello"},"extension":{},"message":"[runtime-status] [3566] Running v1.callable.hello in signature http"}}
[debug] [2022-08-29T03:32:18.042Z] [runtime-status] [3566] Attempting to listen to socketPath: /var/folders/dc/4v00lmm147ddnp1_0cchl11h0000gn/T/fire_emu_3566.sock {"metadata":{"emulator":{"name":"functions"},"function":{"name":"asia-northeast1-v1-callable-hello"},"extension":{},"message":"[runtime-status] [3566] Attempting to listen to socketPath: /var/folders/dc/4v00lmm147ddnp1_0cchl11h0000gn/T/fire_emu_3566.sock"}}
[debug] [2022-08-29T03:32:18.044Z] [functions] Runtime ready! Sending request! {"metadata":{"emulator":{"name":"functions"},"message":"[functions] Runtime ready! Sending request!"}}
[debug] [2022-08-29T03:32:18.044Z] [functions] Got req.url=/andone-imoto/asia-northeast1/v1-callable-hello, mapping to path=/ {"metadata":{"emulator":{"name":"functions"},"message":"[functions] Got req.url=/andone-imoto/asia-northeast1/v1-callable-hello, mapping to path=/"}}
[debug] [2022-08-29T03:32:18.051Z] [runtime-status] [3566] Ephemeral server handling POST request {"metadata":{"emulator":{"name":"functions"},"function":{"name":"asia-northeast1-v1-callable-hello"},"extension":{},"message":"[runtime-status] [3566] Ephemeral server handling POST request"}}
[info] >  {"verifications":{"app":"MISSING","auth":"MISSING"},"logging.googleapis.com/labels":{"firebase-log-type":"callable-request-verification"},"severity":"INFO","message":"Callable request verification passed"} {"user":{"verifications":{"app":"MISSING","auth":"MISSING"},"logging.googleapis.com/labels":{"firebase-log-type":"callable-request-verification"},"severity":"INFO","message":"Callable request verification passed"},"metadata":{"emulator":{"name":"functions"},"function":{"name":"asia-northeast1-v1-callable-hello"},"extension":{},"message":"\u001b[90m> \u001b[39m {\"verifications\":{\"app\":\"MISSING\",\"auth\":\"MISSING\"},\"logging.googleapis.com/labels\":{\"firebase-log-type\":\"callable-request-verification\"},\"severity\":\"INFO\",\"message\":\"Callable request verification passed\"}"}}
[debug] [2022-08-29T03:32:18.052Z] [runtime-status] [3566] No callable functions auth found {"metadata":{"emulator":{"name":"functions"},"function":{"name":"asia-northeast1-v1-callable-hello"},"extension":{},"message":"[runtime-status] [3566] No callable functions auth found"}}
[info] >  >>>>>>>>>>>>>>>>>>>>>> called hello {"user":">>>>>>>>>>>>>>>>>>>>>> called hello","metadata":{"emulator":{"name":"functions"},"function":{"name":"asia-northeast1-v1-callable-hello"},"extension":{},"message":"\u001b[90m> \u001b[39m >>>>>>>>>>>>>>>>>>>>>> called hello"}}
[debug] [2022-08-29T03:32:18.053Z] [runtime-status] [3566] Ephemeral server survived. {"metadata":{"emulator":{"name":"functions"},"function":{"name":"asia-northeast1-v1-callable-hello"},"extension":{},"message":"[runtime-status] [3566] Ephemeral server survived."}}
[info] i  functions: Finished "v1.callable.hello" in ~1s {"metadata":{"emulator":{"name":"functions"},"function":{"name":"asia-northeast1-v1-callable-hello"},"extension":{},"message":"Finished \"v1.callable.hello\" in ~1s"}}
[debug] [2022-08-29T03:32:18.053Z] [worker-asia-northeast1-v1-callable-hello-60024793-a7b2-49e8-897d-9dbcc252078b]: IDLE {"metadata":{"emulator":{"name":"functions"},"message":"[worker-asia-northeast1-v1-callable-hello-60024793-a7b2-49e8-897d-9dbcc252078b]: IDLE"}}
[debug] [2022-08-29T03:32:18.053Z] [work-queue] {"queueLength":0,"workRunningCount":0}
